[debug] [2020-11-03T17:59:56.337Z] ----------------------------------------------------------------------
[debug] [2020-11-03T17:59:56.341Z] Command:       C:\Program Files\nodejs\node.exe C:\Users\AKSHAT ATRAY\AppData\Roaming\npm\node_modules\firebase-tools\lib\bin\firebase.js deploy
[debug] [2020-11-03T17:59:56.342Z] CLI Version:   8.6.0
[debug] [2020-11-03T17:59:56.342Z] Platform:      win32
[debug] [2020-11-03T17:59:56.342Z] Node Version:  v14.13.1
[debug] [2020-11-03T17:59:56.345Z] Time:          Tue Nov 03 2020 23:29:56 GMT+0530 (India Standard Time)
[debug] [2020-11-03T17:59:56.345Z] ----------------------------------------------------------------------
[debug] [2020-11-03T17:59:56.345Z] 
[debug] [2020-11-03T17:59:56.363Z] > command requires scopes: ["email","openid","https://www.googleapis.com/auth/cloudplatformprojects.readonly","https://www.googleapis.com/auth/firebase","https://www.googleapis.com/auth/cloud-platform"]
[debug] [2020-11-03T17:59:56.364Z] > authorizing via signed-in user
[debug] [2020-11-03T17:59:56.365Z] [iam] checking project miniproject-abes for permissions ["firebase.projects.get","firebasehosting.sites.update"]
[debug] [2020-11-03T17:59:56.371Z] >>> HTTP REQUEST POST https://cloudresourcemanager.googleapis.com/v1/projects/miniproject-abes:testIamPermissions  
 {"permissions":["firebase.projects.get","firebasehosting.sites.update"]}
[debug] [2020-11-03T17:59:56.480Z] [iam] error while checking permissions, command may fail: FirebaseError: Server Error. getaddrinfo ENOTFOUND cloudresourcemanager.googleapis.com
[debug] [2020-11-03T17:59:56.481Z] >>> HTTP REQUEST GET https://firebase.googleapis.com/v1beta1/projects/miniproject-abes  
 
[debug] [2020-11-03T17:59:56.497Z] Server Error. getaddrinfo ENOTFOUND firebase.googleapis.com
[debug] [2020-11-03T17:59:56.508Z] FirebaseError: Server Error. getaddrinfo ENOTFOUND firebase.googleapis.com
    at Request._callback (C:\Users\AKSHAT ATRAY\AppData\Roaming\npm\node_modules\firebase-tools\lib\api.js:32:31)
    at self.callback (C:\Users\AKSHAT ATRAY\AppData\Roaming\npm\node_modules\firebase-tools\node_modules\request\request.js:185:22)
    at Request.emit (events.js:314:20)
    at Request.EventEmitter.emit (domain.js:486:12)
    at Request.onRequestError (C:\Users\AKSHAT ATRAY\AppData\Roaming\npm\node_modules\firebase-tools\node_modules\request\request.js:877:8)
    at ClientRequest.emit (events.js:326:22)
    at ClientRequest.EventEmitter.emit (domain.js:486:12)
    at TLSSocket.socketErrorListener (_http_client.js:469:9)
    at TLSSocket.emit (events.js:314:20)
    at TLSSocket.EventEmitter.emit (domain.js:486:12)
    at emitErrorNT (internal/streams/destroy.js:106:8)
    at emitErrorCloseNT (internal/streams/destroy.js:74:3)
    at processTicksAndRejections (internal/process/task_queues.js:80:21)
[error] 
[error] Error: Failed to get Firebase project miniproject-abes. Please make sure the project exists and your account has permission to access it.
